This file logs every player that disconnected during combat
You can disable the logging in the config file

[2022/10/30 12:00:48] TS_Destiny tried to escape combat!
[2022/10/30 15:28:47] FengLiangILY tried to escape combat!
[2022/10/30 15:50:15] Ramen233_ tried to escape combat!
[2022/10/30 17:39:49] xiaohaiou233 tried to escape combat!
[2022/10/30 19:30:52] Karric tried to escape combat!
[2022/10/31 22:46:23] Twistzz tried to escape combat!
[2022/11/03 13:36:59] Makimathrul1fe tried to escape combat!
[2022/11/05 13:01:58] ADMstar123 tried to escape combat!
[2022/11/05 16:21:40] Mark tried to escape combat!
[2022/11/05 16:57:40] Confectionary_ tried to escape combat!
[2022/11/05 17:03:08] 53536347442 tried to escape combat!
[2022/11/05 17:07:26] m0ZZ tried to escape combat!
[2022/11/05 21:04:39] Yi12sDad tried to escape combat!
[2022/11/05 21:12:59] funnymotherpea tried to escape combat!
[2022/11/05 21:15:38] DrillingGod tried to escape combat!
[2022/11/05 21:16:05] 5ge tried to escape combat!
[2022/11/05 21:18:17] UnwaryMars42348 tried to escape combat!
[2022/11/05 21:18:23] Fillies101 tried to escape combat!
[2022/11/05 21:21:16] KubinHY tried to escape combat!
[2022/11/05 21:47:33] ParkZZL tried to escape combat!
[2022/11/06 13:46:36] olwnyzkj_wc tried to escape combat!
[2022/11/06 15:40:07] dsafasfa tried to escape combat!
[2022/11/06 16:48:29] Xs1st_ tried to escape combat!
[2022/11/10 11:06:16] Karric tried to escape combat!
[2022/11/11 19:19:26] 5ge tried to escape combat!
[2022/11/15 00:22:19] 5uns_c9ts tried to escape combat!
[2022/11/17 20:59:30] HuAngRaNnnn tried to escape combat!
[2022/11/18 21:34:33] cat_Yezi tried to escape combat!
[2022/11/19 12:09:20] ParkZZL tried to escape combat!
[2022/11/19 16:17:39] VanderLindh tried to escape combat!
[2022/11/19 21:10:13] m0ZZ tried to escape combat!
[2022/11/19 21:10:28] ParkZZL tried to escape combat!
[2022/11/19 21:17:52] FriendlyPersion tried to escape combat!
[2022/11/19 21:18:48] ITwfeesean tried to escape combat!
[2022/11/19 21:32:20] 5ge tried to escape combat!
[2022/11/19 21:46:45] olwnyzkj_wc tried to escape combat!
